The system is: Linux - 3.10.0-693.5.2.el7.x86_64 - x86_64
Compiling the C compiler identification source file "CMakeCCompilerId.c" succeeded.
Compiler: /share/apps/gcc/9.2.0/bin/gcc 
Build flags: 
Id flags:  

The output was:
0


Compilation of the C compiler identification source "CMakeCCompilerId.c" produced "a.out"

The C compiler identification is GNU, found in "/home/gwolfmann/stitch/StitchIt/CMakeFiles/3.14.6/CompilerIdC/a.out"

Compiling the CXX compiler identification source file "CMakeCXXCompilerId.cpp" succeeded.
Compiler: /share/apps/gcc/9.2.0/bin/c++ 
Build flags: 
Id flags:  

The output was:
0


Compilation of the CXX compiler identification source "CMakeCXXCompilerId.cpp" produced "a.out"

The CXX compiler identification is GNU, found in "/home/gwolfmann/stitch/StitchIt/CMakeFiles/3.14.6/CompilerIdCXX/a.out"

Determining if the C compiler works passed with the following output:
Change Dir: /home/gwolfmann/stitch/StitchIt/CMakeFiles/CMakeTmp

Run Build Command(s):/usr/bin/gmake cmTC_1a385/fast 
/usr/bin/gmake -f CMakeFiles/cmTC_1a385.dir/build.make CMakeFiles/cmTC_1a385.dir/build
gmake[1]: Entering directory `/home/gwolfmann/stitch/StitchIt/CMakeFiles/CMakeTmp'
Building C object CMakeFiles/cmTC_1a385.dir/testCCompiler.c.o
/share/apps/gcc/9.2.0/bin/gcc    -o CMakeFiles/cmTC_1a385.dir/testCCompiler.c.o   -c /home/gwolfmann/stitch/StitchIt/CMakeFiles/CMakeTmp/testCCompiler.c
Linking C executable cmTC_1a385
/share/apps/cmake/3.14.6/bin/cmake -E cmake_link_script CMakeFiles/cmTC_1a385.dir/link.txt --verbose=1
/share/apps/gcc/9.2.0/bin/gcc      -rdynamic CMakeFiles/cmTC_1a385.dir/testCCompiler.c.o  -o cmTC_1a385 
gmake[1]: Leaving directory `/home/gwolfmann/stitch/StitchIt/CMakeFiles/CMakeTmp'


Detecting C compiler ABI info compiled with the following output:
Change Dir: /home/gwolfmann/stitch/StitchIt/CMakeFiles/CMakeTmp

Run Build Command(s):/usr/bin/gmake cmTC_42214/fast 
/usr/bin/gmake -f CMakeFiles/cmTC_42214.dir/build.make CMakeFiles/cmTC_42214.dir/build
gmake[1]: Entering directory `/home/gwolfmann/stitch/StitchIt/CMakeFiles/CMakeTmp'
Building C object CMakeFiles/cmTC_42214.dir/CMakeCCompilerABI.c.o
/share/apps/gcc/9.2.0/bin/gcc   -v -o CMakeFiles/cmTC_42214.dir/CMakeCCompilerABI.c.o   -c /share/apps/cmake/3.14.6/share/cmake-3.14/Modules/CMakeCCompilerABI.c
Using built-in specs.
COLLECT_GCC=/share/apps/gcc/9.2.0/bin/gcc
Target: x86_64-pc-linux-gnu
Configured with: ./configure --disable-bootstrap --enable-languages=all --enable-libgomp--enable-lto --enable-threads=posix --enable-tls --with-gmp=/share/apps/gmp/6.1.0 --with-mpfr=/share/apps/mpfr/3.1.4 --with-mpc=/share/apps/mpc/1.0.3 --with-fpmath=sse --with-isl=/share/apps/isl/0.18 --disable-multilib --prefix=/share/apps/gcc/9.2.0
Thread model: posix
gcc version 9.2.0 (GCC) 
COLLECT_GCC_OPTIONS='-v' '-o' 'CMakeFiles/cmTC_42214.dir/CMakeCCompilerABI.c.o' '-c' '-mtune=generic' '-march=x86-64'
 /share/apps/gcc/9.2.0/libexec/gcc/x86_64-pc-linux-gnu/9.2.0/cc1 -quiet -v /share/apps/cmake/3.14.6/share/cmake-3.14/Modules/CMakeCCompilerABI.c -quiet -dumpbase CMakeCCompilerABI.c -mtune=generic -march=x86-64 -auxbase-strip CMakeFiles/cmTC_42214.dir/CMakeCCompilerABI.c.o -version -o /tmp/ccQJcBIV.s
GNU C17 (GCC) version 9.2.0 (x86_64-pc-linux-gnu)
	compiled by GNU C version 4.8.5 20150623 (Red Hat 4.8.5-16), GMP version 6.1.0, MPFR version 3.1.4, MPC version 1.0.3, isl version isl-0.18-GMP

GGC heuristics: --param ggc-min-expand=100 --param ggc-min-heapsize=131072
ignoring nonexistent directory "/share/apps/gcc/9.2.0/lib/gcc/x86_64-pc-linux-gnu/9.2.0/../../../../x86_64-pc-linux-gnu/include"
#include "..." search starts here:
#include <...> search starts here:
 /share/apps/gcc/9.2.0/lib/gcc/x86_64-pc-linux-gnu/9.2.0/include
 /usr/local/include
 /share/apps/gcc/9.2.0/include
 /share/apps/gcc/9.2.0/lib/gcc/x86_64-pc-linux-gnu/9.2.0/include-fixed
 /usr/include
End of search list.
GNU C17 (GCC) version 9.2.0 (x86_64-pc-linux-gnu)
	compiled by GNU C version 4.8.5 20150623 (Red Hat 4.8.5-16), GMP version 6.1.0, MPFR version 3.1.4, MPC version 1.0.3, isl version isl-0.18-GMP

GGC heuristics: --param ggc-min-expand=100 --param ggc-min-heapsize=131072
Compiler executable checksum: 209680ef4cb12c96fb0d5f9f3fe7ea14
COLLECT_GCC_OPTIONS='-v' '-o' 'CMakeFiles/cmTC_42214.dir/CMakeCCompilerABI.c.o' '-c' '-mtune=generic' '-march=x86-64'
 as -v --64 -o CMakeFiles/cmTC_42214.dir/CMakeCCompilerABI.c.o /tmp/ccQJcBIV.s
GNU assembler version 2.25.1 (x86_64-redhat-linux) using BFD version version 2.25.1-32.base.el7_4.1 
COMPILER_PATH=/share/apps/gcc/9.2.0/libexec/gcc/x86_64-pc-linux-gnu/9.2.0/:/share/apps/gcc/9.2.0/libexec/gcc/x86_64-pc-linux-gnu/9.2.0/:/share/apps/gcc/9.2.0/libexec/gcc/x86_64-pc-linux-gnu/:/share/apps/gcc/9.2.0/lib/gcc/x86_64-pc-linux-gnu/9.2.0/:/share/apps/gcc/9.2.0/lib/gcc/x86_64-pc-linux-gnu/
LIBRARY_PATH=/share/apps/gcc/9.2.0/lib/gcc/x86_64-pc-linux-gnu/9.2.0/:/share/apps/gcc/9.2.0/lib/gcc/x86_64-pc-linux-gnu/9.2.0/../../../../lib64/:/lib/../lib64/:/usr/lib/../lib64/:/share/apps/gcc/9.2.0/lib/gcc/x86_64-pc-linux-gnu/9.2.0/../../../:/lib/:/usr/lib/
COLLECT_GCC_OPTIONS='-v' '-o' 'CMakeFiles/cmTC_42214.dir/CMakeCCompilerABI.c.o' '-c' '-mtune=generic' '-march=x86-64'
Linking C executable cmTC_42214
/share/apps/cmake/3.14.6/bin/cmake -E cmake_link_script CMakeFiles/cmTC_42214.dir/link.txt --verbose=1
/share/apps/gcc/9.2.0/bin/gcc     -v -rdynamic CMakeFiles/cmTC_42214.dir/CMakeCCompilerABI.c.o  -o cmTC_42214 
Using built-in specs.
COLLECT_GCC=/share/apps/gcc/9.2.0/bin/gcc
COLLECT_LTO_WRAPPER=/share/apps/gcc/9.2.0/libexec/gcc/x86_64-pc-linux-gnu/9.2.0/lto-wrapper
Target: x86_64-pc-linux-gnu
Configured with: ./configure --disable-bootstrap --enable-languages=all --enable-libgomp--enable-lto --enable-threads=posix --enable-tls --with-gmp=/share/apps/gmp/6.1.0 --with-mpfr=/share/apps/mpfr/3.1.4 --with-mpc=/share/apps/mpc/1.0.3 --with-fpmath=sse --with-isl=/share/apps/isl/0.18 --disable-multilib --prefix=/share/apps/gcc/9.2.0
Thread model: posix
gcc version 9.2.0 (GCC) 
COMPILER_PATH=/share/apps/gcc/9.2.0/libexec/gcc/x86_64-pc-linux-gnu/9.2.0/:/share/apps/gcc/9.2.0/libexec/gcc/x86_64-pc-linux-gnu/9.2.0/:/share/apps/gcc/9.2.0/libexec/gcc/x86_64-pc-linux-gnu/:/share/apps/gcc/9.2.0/lib/gcc/x86_64-pc-linux-gnu/9.2.0/:/share/apps/gcc/9.2.0/lib/gcc/x86_64-pc-linux-gnu/
LIBRARY_PATH=/share/apps/gcc/9.2.0/lib/gcc/x86_64-pc-linux-gnu/9.2.0/:/share/apps/gcc/9.2.0/lib/gcc/x86_64-pc-linux-gnu/9.2.0/../../../../lib64/:/lib/../lib64/:/usr/lib/../lib64/:/share/apps/gcc/9.2.0/lib/gcc/x86_64-pc-linux-gnu/9.2.0/../../../:/lib/:/usr/lib/
COLLECT_GCC_OPTIONS='-v' '-rdynamic' '-o' 'cmTC_42214' '-mtune=generic' '-march=x86-64'
 /share/apps/gcc/9.2.0/libexec/gcc/x86_64-pc-linux-gnu/9.2.0/collect2 -plugin /share/apps/gcc/9.2.0/libexec/gcc/x86_64-pc-linux-gnu/9.2.0/liblto_plugin.so -plugin-opt=/share/apps/gcc/9.2.0/libexec/gcc/x86_64-pc-linux-gnu/9.2.0/lto-wrapper -plugin-opt=-fresolution=/tmp/ccwPGnyY.res -plugin-opt=-pass-through=-lgcc -plugin-opt=-pass-through=-lgcc_s -plugin-opt=-pass-through=-lc -plugin-opt=-pass-through=-lgcc -plugin-opt=-pass-through=-lgcc_s --eh-frame-hdr -m elf_x86_64 -export-dynamic -dynamic-linker /lib64/ld-linux-x86-64.so.2 -o cmTC_42214 /lib/../lib64/crt1.o /lib/../lib64/crti.o /share/apps/gcc/9.2.0/lib/gcc/x86_64-pc-linux-gnu/9.2.0/crtbegin.o -L/share/apps/gcc/9.2.0/lib/gcc/x86_64-pc-linux-gnu/9.2.0 -L/share/apps/gcc/9.2.0/lib/gcc/x86_64-pc-linux-gnu/9.2.0/../../../../lib64 -L/lib/../lib64 -L/usr/lib/../lib64 -L/share/apps/gcc/9.2.0/lib/gcc/x86_64-pc-linux-gnu/9.2.0/../../.. CMakeFiles/cmTC_42214.dir/CMakeCCompilerABI.c.o -lgcc --as-needed -lgcc_s --no-as-needed -lc -lgcc --as-needed -lgcc_s --no-as-needed /share/apps/gcc/9.2.0/lib/gcc/x86_64-pc-linux-gnu/9.2.0/crtend.o /lib/../lib64/crtn.o
COLLECT_GCC_OPTIONS='-v' '-rdynamic' '-o' 'cmTC_42214' '-mtune=generic' '-march=x86-64'
gmake[1]: Leaving directory `/home/gwolfmann/stitch/StitchIt/CMakeFiles/CMakeTmp'


Parsed C implicit include dir info from above output: rv=done
  found start of include info
  found start of implicit include info
    add: [/share/apps/gcc/9.2.0/lib/gcc/x86_64-pc-linux-gnu/9.2.0/include]
    add: [/usr/local/include]
    add: [/share/apps/gcc/9.2.0/include]
    add: [/share/apps/gcc/9.2.0/lib/gcc/x86_64-pc-linux-gnu/9.2.0/include-fixed]
    add: [/usr/include]
  end of search list found
  collapse include dir [/share/apps/gcc/9.2.0/lib/gcc/x86_64-pc-linux-gnu/9.2.0/include] ==> [/share/apps/gcc/9.2.0/lib/gcc/x86_64-pc-linux-gnu/9.2.0/include]
  collapse include dir [/usr/local/include] ==> [/usr/local/include]
  collapse include dir [/share/apps/gcc/9.2.0/include] ==> [/share/apps/gcc/9.2.0/include]
  collapse include dir [/share/apps/gcc/9.2.0/lib/gcc/x86_64-pc-linux-gnu/9.2.0/include-fixed] ==> [/share/apps/gcc/9.2.0/lib/gcc/x86_64-pc-linux-gnu/9.2.0/include-fixed]
  collapse include dir [/usr/include] ==> [/usr/include]
  implicit include dirs: [/share/apps/gcc/9.2.0/lib/gcc/x86_64-pc-linux-gnu/9.2.0/include;/usr/local/include;/share/apps/gcc/9.2.0/include;/share/apps/gcc/9.2.0/lib/gcc/x86_64-pc-linux-gnu/9.2.0/include-fixed;/usr/include]


Parsed C implicit link information from above output:
  link line regex: [^( *|.*[/\])(ld|CMAKE_LINK_STARTFILE-NOTFOUND|([^/\]+-)?ld|collect2)[^/\]*( |$)]
  ignore line: [Change Dir: /home/gwolfmann/stitch/StitchIt/CMakeFiles/CMakeTmp]
  ignore line: []
  ignore line: [Run Build Command(s):/usr/bin/gmake cmTC_42214/fast ]
  ignore line: [/usr/bin/gmake -f CMakeFiles/cmTC_42214.dir/build.make CMakeFiles/cmTC_42214.dir/build]
  ignore line: [gmake[1]: Entering directory `/home/gwolfmann/stitch/StitchIt/CMakeFiles/CMakeTmp']
  ignore line: [Building C object CMakeFiles/cmTC_42214.dir/CMakeCCompilerABI.c.o]
  ignore line: [/share/apps/gcc/9.2.0/bin/gcc   -v -o CMakeFiles/cmTC_42214.dir/CMakeCCompilerABI.c.o   -c /share/apps/cmake/3.14.6/share/cmake-3.14/Modules/CMakeCCompilerABI.c]
  ignore line: [Using built-in specs.]
  ignore line: [COLLECT_GCC=/share/apps/gcc/9.2.0/bin/gcc]
  ignore line: [Target: x86_64-pc-linux-gnu]
  ignore line: [Configured with: ./configure --disable-bootstrap --enable-languages=all --enable-libgomp--enable-lto --enable-threads=posix --enable-tls --with-gmp=/share/apps/gmp/6.1.0 --with-mpfr=/share/apps/mpfr/3.1.4 --with-mpc=/share/apps/mpc/1.0.3 --with-fpmath=sse --with-isl=/share/apps/isl/0.18 --disable-multilib --prefix=/share/apps/gcc/9.2.0]
  ignore line: [Thread model: posix]
  ignore line: [gcc version 9.2.0 (GCC) ]
  ignore line: [COLLECT_GCC_OPTIONS='-v' '-o' 'CMakeFiles/cmTC_42214.dir/CMakeCCompilerABI.c.o' '-c' '-mtune=generic' '-march=x86-64']
  ignore line: [ /share/apps/gcc/9.2.0/libexec/gcc/x86_64-pc-linux-gnu/9.2.0/cc1 -quiet -v /share/apps/cmake/3.14.6/share/cmake-3.14/Modules/CMakeCCompilerABI.c -quiet -dumpbase CMakeCCompilerABI.c -mtune=generic -march=x86-64 -auxbase-strip CMakeFiles/cmTC_42214.dir/CMakeCCompilerABI.c.o -version -o /tmp/ccQJcBIV.s]
  ignore line: [GNU C17 (GCC) version 9.2.0 (x86_64-pc-linux-gnu)]
  ignore line: [	compiled by GNU C version 4.8.5 20150623 (Red Hat 4.8.5-16), GMP version 6.1.0, MPFR version 3.1.4, MPC version 1.0.3, isl version isl-0.18-GMP]
  ignore line: []
  ignore line: [GGC heuristics: --param ggc-min-expand=100 --param ggc-min-heapsize=131072]
  ignore line: [ignoring nonexistent directory "/share/apps/gcc/9.2.0/lib/gcc/x86_64-pc-linux-gnu/9.2.0/../../../../x86_64-pc-linux-gnu/include"]
  ignore line: [#include "..." search starts here:]
  ignore line: [#include <...> search starts here:]
  ignore line: [ /share/apps/gcc/9.2.0/lib/gcc/x86_64-pc-linux-gnu/9.2.0/include]
  ignore line: [ /usr/local/include]
  ignore line: [ /share/apps/gcc/9.2.0/include]
  ignore line: [ /share/apps/gcc/9.2.0/lib/gcc/x86_64-pc-linux-gnu/9.2.0/include-fixed]
  ignore line: [ /usr/include]
  ignore line: [End of search list.]
  ignore line: [GNU C17 (GCC) version 9.2.0 (x86_64-pc-linux-gnu)]
  ignore line: [	compiled by GNU C version 4.8.5 20150623 (Red Hat 4.8.5-16), GMP version 6.1.0, MPFR version 3.1.4, MPC version 1.0.3, isl version isl-0.18-GMP]
  ignore line: []
  ignore line: [GGC heuristics: --param ggc-min-expand=100 --param ggc-min-heapsize=131072]
  ignore line: [Compiler executable checksum: 209680ef4cb12c96fb0d5f9f3fe7ea14]
  ignore line: [COLLECT_GCC_OPTIONS='-v' '-o' 'CMakeFiles/cmTC_42214.dir/CMakeCCompilerABI.c.o' '-c' '-mtune=generic' '-march=x86-64']
  ignore line: [ as -v --64 -o CMakeFiles/cmTC_42214.dir/CMakeCCompilerABI.c.o /tmp/ccQJcBIV.s]
  ignore line: [GNU assembler version 2.25.1 (x86_64-redhat-linux) using BFD version version 2.25.1-32.base.el7_4.1 ]
  ignore line: [COMPILER_PATH=/share/apps/gcc/9.2.0/libexec/gcc/x86_64-pc-linux-gnu/9.2.0/:/share/apps/gcc/9.2.0/libexec/gcc/x86_64-pc-linux-gnu/9.2.0/:/share/apps/gcc/9.2.0/libexec/gcc/x86_64-pc-linux-gnu/:/share/apps/gcc/9.2.0/lib/gcc/x86_64-pc-linux-gnu/9.2.0/:/share/apps/gcc/9.2.0/lib/gcc/x86_64-pc-linux-gnu/]
  ignore line: [LIBRARY_PATH=/share/apps/gcc/9.2.0/lib/gcc/x86_64-pc-linux-gnu/9.2.0/:/share/apps/gcc/9.2.0/lib/gcc/x86_64-pc-linux-gnu/9.2.0/../../../../lib64/:/lib/../lib64/:/usr/lib/../lib64/:/share/apps/gcc/9.2.0/lib/gcc/x86_64-pc-linux-gnu/9.2.0/../../../:/lib/:/usr/lib/]
  ignore line: [COLLECT_GCC_OPTIONS='-v' '-o' 'CMakeFiles/cmTC_42214.dir/CMakeCCompilerABI.c.o' '-c' '-mtune=generic' '-march=x86-64']
  ignore line: [Linking C executable cmTC_42214]
  ignore line: [/share/apps/cmake/3.14.6/bin/cmake -E cmake_link_script CMakeFiles/cmTC_42214.dir/link.txt --verbose=1]
  ignore line: [/share/apps/gcc/9.2.0/bin/gcc     -v -rdynamic CMakeFiles/cmTC_42214.dir/CMakeCCompilerABI.c.o  -o cmTC_42214 ]
  ignore line: [Using built-in specs.]
  ignore line: [COLLECT_GCC=/share/apps/gcc/9.2.0/bin/gcc]
  ignore line: [COLLECT_LTO_WRAPPER=/share/apps/gcc/9.2.0/libexec/gcc/x86_64-pc-linux-gnu/9.2.0/lto-wrapper]
  ignore line: [Target: x86_64-pc-linux-gnu]
  ignore line: [Configured with: ./configure --disable-bootstrap --enable-languages=all --enable-libgomp--enable-lto --enable-threads=posix --enable-tls --with-gmp=/share/apps/gmp/6.1.0 --with-mpfr=/share/apps/mpfr/3.1.4 --with-mpc=/share/apps/mpc/1.0.3 --with-fpmath=sse --with-isl=/share/apps/isl/0.18 --disable-multilib --prefix=/share/apps/gcc/9.2.0]
  ignore line: [Thread model: posix]
  ignore line: [gcc version 9.2.0 (GCC) ]
  ignore line: [COMPILER_PATH=/share/apps/gcc/9.2.0/libexec/gcc/x86_64-pc-linux-gnu/9.2.0/:/share/apps/gcc/9.2.0/libexec/gcc/x86_64-pc-linux-gnu/9.2.0/:/share/apps/gcc/9.2.0/libexec/gcc/x86_64-pc-linux-gnu/:/share/apps/gcc/9.2.0/lib/gcc/x86_64-pc-linux-gnu/9.2.0/:/share/apps/gcc/9.2.0/lib/gcc/x86_64-pc-linux-gnu/]
  ignore line: [LIBRARY_PATH=/share/apps/gcc/9.2.0/lib/gcc/x86_64-pc-linux-gnu/9.2.0/:/share/apps/gcc/9.2.0/lib/gcc/x86_64-pc-linux-gnu/9.2.0/../../../../lib64/:/lib/../lib64/:/usr/lib/../lib64/:/share/apps/gcc/9.2.0/lib/gcc/x86_64-pc-linux-gnu/9.2.0/../../../:/lib/:/usr/lib/]
  ignore line: [COLLECT_GCC_OPTIONS='-v' '-rdynamic' '-o' 'cmTC_42214' '-mtune=generic' '-march=x86-64']
  link line: [ /share/apps/gcc/9.2.0/libexec/gcc/x86_64-pc-linux-gnu/9.2.0/collect2 -plugin /share/apps/gcc/9.2.0/libexec/gcc/x86_64-pc-linux-gnu/9.2.0/liblto_plugin.so -plugin-opt=/share/apps/gcc/9.2.0/libexec/gcc/x86_64-pc-linux-gnu/9.2.0/lto-wrapper -plugin-opt=-fresolution=/tmp/ccwPGnyY.res -plugin-opt=-pass-through=-lgcc -plugin-opt=-pass-through=-lgcc_s -plugin-opt=-pass-through=-lc -plugin-opt=-pass-through=-lgcc -plugin-opt=-pass-through=-lgcc_s --eh-frame-hdr -m elf_x86_64 -export-dynamic -dynamic-linker /lib64/ld-linux-x86-64.so.2 -o cmTC_42214 /lib/../lib64/crt1.o /lib/../lib64/crti.o /share/apps/gcc/9.2.0/lib/gcc/x86_64-pc-linux-gnu/9.2.0/crtbegin.o -L/share/apps/gcc/9.2.0/lib/gcc/x86_64-pc-linux-gnu/9.2.0 -L/share/apps/gcc/9.2.0/lib/gcc/x86_64-pc-linux-gnu/9.2.0/../../../../lib64 -L/lib/../lib64 -L/usr/lib/../lib64 -L/share/apps/gcc/9.2.0/lib/gcc/x86_64-pc-linux-gnu/9.2.0/../../.. CMakeFiles/cmTC_42214.dir/CMakeCCompilerABI.c.o -lgcc --as-needed -lgcc_s --no-as-needed -lc -lgcc --as-needed -lgcc_s --no-as-needed /share/apps/gcc/9.2.0/lib/gcc/x86_64-pc-linux-gnu/9.2.0/crtend.o /lib/../lib64/crtn.o]
    arg [/share/apps/gcc/9.2.0/libexec/gcc/x86_64-pc-linux-gnu/9.2.0/collect2] ==> ignore
    arg [-plugin] ==> ignore
    arg [/share/apps/gcc/9.2.0/libexec/gcc/x86_64-pc-linux-gnu/9.2.0/liblto_plugin.so] ==> ignore
    arg [-plugin-opt=/share/apps/gcc/9.2.0/libexec/gcc/x86_64-pc-linux-gnu/9.2.0/lto-wrapper] ==> ignore
    arg [-plugin-opt=-fresolution=/tmp/ccwPGnyY.res] ==> ignore
    arg [-plugin-opt=-pass-through=-lgcc] ==> ignore
    arg [-plugin-opt=-pass-through=-lgcc_s] ==> ignore
    arg [-plugin-opt=-pass-through=-lc] ==> ignore
    arg [-plugin-opt=-pass-through=-lgcc] ==> ignore
    arg [-plugin-opt=-pass-through=-lgcc_s] ==> ignore
    arg [--eh-frame-hdr] ==> ignore
    arg [-m] ==> ignore
    arg [elf_x86_64] ==> ignore
    arg [-export-dynamic] ==> ignore
    arg [-dynamic-linker] ==> ignore
    arg [/lib64/ld-linux-x86-64.so.2] ==> ignore
    arg [-o] ==> ignore
    arg [cmTC_42214] ==> ignore
    arg [/lib/../lib64/crt1.o] ==> ignore
    arg [/lib/../lib64/crti.o] ==> ignore
    arg [/share/apps/gcc/9.2.0/lib/gcc/x86_64-pc-linux-gnu/9.2.0/crtbegin.o] ==> ignore
    arg [-L/share/apps/gcc/9.2.0/lib/gcc/x86_64-pc-linux-gnu/9.2.0] ==> dir [/share/apps/gcc/9.2.0/lib/gcc/x86_64-pc-linux-gnu/9.2.0]
    arg [-L/share/apps/gcc/9.2.0/lib/gcc/x86_64-pc-linux-gnu/9.2.0/../../../../lib64] ==> dir [/share/apps/gcc/9.2.0/lib/gcc/x86_64-pc-linux-gnu/9.2.0/../../../../lib64]
    arg [-L/lib/../lib64] ==> dir [/lib/../lib64]
    arg [-L/usr/lib/../lib64] ==> dir [/usr/lib/../lib64]
    arg [-L/share/apps/gcc/9.2.0/lib/gcc/x86_64-pc-linux-gnu/9.2.0/../../..] ==> dir [/share/apps/gcc/9.2.0/lib/gcc/x86_64-pc-linux-gnu/9.2.0/../../..]
    arg [CMakeFiles/cmTC_42214.dir/CMakeCCompilerABI.c.o] ==> ignore
    arg [-lgcc] ==> lib [gcc]
    arg [--as-needed] ==> ignore
    arg [-lgcc_s] ==> lib [gcc_s]
    arg [--no-as-needed] ==> ignore
    arg [-lc] ==> lib [c]
    arg [-lgcc] ==> lib [gcc]
    arg [--as-needed] ==> ignore
    arg [-lgcc_s] ==> lib [gcc_s]
    arg [--no-as-needed] ==> ignore
    arg [/share/apps/gcc/9.2.0/lib/gcc/x86_64-pc-linux-gnu/9.2.0/crtend.o] ==> ignore
    arg [/lib/../lib64/crtn.o] ==> ignore
  collapse library dir [/share/apps/gcc/9.2.0/lib/gcc/x86_64-pc-linux-gnu/9.2.0] ==> [/share/apps/gcc/9.2.0/lib/gcc/x86_64-pc-linux-gnu/9.2.0]
  collapse library dir [/share/apps/gcc/9.2.0/lib/gcc/x86_64-pc-linux-gnu/9.2.0/../../../../lib64] ==> [/share/apps/gcc/9.2.0/lib64]
  collapse library dir [/lib/../lib64] ==> [/lib64]
  collapse library dir [/usr/lib/../lib64] ==> [/usr/lib64]
  collapse library dir [/share/apps/gcc/9.2.0/lib/gcc/x86_64-pc-linux-gnu/9.2.0/../../..] ==> [/share/apps/gcc/9.2.0/lib]
  implicit libs: [gcc;gcc_s;c;gcc;gcc_s]
  implicit dirs: [/share/apps/gcc/9.2.0/lib/gcc/x86_64-pc-linux-gnu/9.2.0;/share/apps/gcc/9.2.0/lib64;/lib64;/usr/lib64;/share/apps/gcc/9.2.0/lib]
  implicit fwks: []




Detecting C [-std=c11] compiler features compiled with the following output:
Change Dir: /home/gwolfmann/stitch/StitchIt/CMakeFiles/CMakeTmp

Run Build Command(s):/usr/bin/gmake cmTC_04e84/fast 
/usr/bin/gmake -f CMakeFiles/cmTC_04e84.dir/build.make CMakeFiles/cmTC_04e84.dir/build
gmake[1]: Entering directory `/home/gwolfmann/stitch/StitchIt/CMakeFiles/CMakeTmp'
Building C object CMakeFiles/cmTC_04e84.dir/feature_tests.c.o
/share/apps/gcc/9.2.0/bin/gcc   -std=c11 -o CMakeFiles/cmTC_04e84.dir/feature_tests.c.o   -c /home/gwolfmann/stitch/StitchIt/CMakeFiles/feature_tests.c
Linking C executable cmTC_04e84
/share/apps/cmake/3.14.6/bin/cmake -E cmake_link_script CMakeFiles/cmTC_04e84.dir/link.txt --verbose=1
/share/apps/gcc/9.2.0/bin/gcc      -rdynamic CMakeFiles/cmTC_04e84.dir/feature_tests.c.o  -o cmTC_04e84 
gmake[1]: Leaving directory `/home/gwolfmann/stitch/StitchIt/CMakeFiles/CMakeTmp'


    Feature record: C_FEATURE:1c_function_prototypes
    Feature record: C_FEATURE:1c_restrict
    Feature record: C_FEATURE:1c_static_assert
    Feature record: C_FEATURE:1c_variadic_macros


Detecting C [-std=c99] compiler features compiled with the following output:
Change Dir: /home/gwolfmann/stitch/StitchIt/CMakeFiles/CMakeTmp

Run Build Command(s):/usr/bin/gmake cmTC_73a15/fast 
/usr/bin/gmake -f CMakeFiles/cmTC_73a15.dir/build.make CMakeFiles/cmTC_73a15.dir/build
gmake[1]: Entering directory `/home/gwolfmann/stitch/StitchIt/CMakeFiles/CMakeTmp'
Building C object CMakeFiles/cmTC_73a15.dir/feature_tests.c.o
/share/apps/gcc/9.2.0/bin/gcc   -std=c99 -o CMakeFiles/cmTC_73a15.dir/feature_tests.c.o   -c /home/gwolfmann/stitch/StitchIt/CMakeFiles/feature_tests.c
Linking C executable cmTC_73a15
/share/apps/cmake/3.14.6/bin/cmake -E cmake_link_script CMakeFiles/cmTC_73a15.dir/link.txt --verbose=1
/share/apps/gcc/9.2.0/bin/gcc      -rdynamic CMakeFiles/cmTC_73a15.dir/feature_tests.c.o  -o cmTC_73a15 
gmake[1]: Leaving directory `/home/gwolfmann/stitch/StitchIt/CMakeFiles/CMakeTmp'


    Feature record: C_FEATURE:1c_function_prototypes
    Feature record: C_FEATURE:1c_restrict
    Feature record: C_FEATURE:0c_static_assert
    Feature record: C_FEATURE:1c_variadic_macros


Detecting C [-std=c90] compiler features compiled with the following output:
Change Dir: /home/gwolfmann/stitch/StitchIt/CMakeFiles/CMakeTmp

Run Build Command(s):/usr/bin/gmake cmTC_4eae0/fast 
/usr/bin/gmake -f CMakeFiles/cmTC_4eae0.dir/build.make CMakeFiles/cmTC_4eae0.dir/build
gmake[1]: Entering directory `/home/gwolfmann/stitch/StitchIt/CMakeFiles/CMakeTmp'
Building C object CMakeFiles/cmTC_4eae0.dir/feature_tests.c.o
/share/apps/gcc/9.2.0/bin/gcc   -std=c90 -o CMakeFiles/cmTC_4eae0.dir/feature_tests.c.o   -c /home/gwolfmann/stitch/StitchIt/CMakeFiles/feature_tests.c
Linking C executable cmTC_4eae0
/share/apps/cmake/3.14.6/bin/cmake -E cmake_link_script CMakeFiles/cmTC_4eae0.dir/link.txt --verbose=1
/share/apps/gcc/9.2.0/bin/gcc      -rdynamic CMakeFiles/cmTC_4eae0.dir/feature_tests.c.o  -o cmTC_4eae0 
gmake[1]: Leaving directory `/home/gwolfmann/stitch/StitchIt/CMakeFiles/CMakeTmp'


    Feature record: C_FEATURE:1c_function_prototypes
    Feature record: C_FEATURE:0c_restrict
    Feature record: C_FEATURE:0c_static_assert
    Feature record: C_FEATURE:0c_variadic_macros
Determining if the CXX compiler works passed with the following output:
Change Dir: /home/gwolfmann/stitch/StitchIt/CMakeFiles/CMakeTmp

Run Build Command(s):/usr/bin/gmake cmTC_f1d4d/fast 
/usr/bin/gmake -f CMakeFiles/cmTC_f1d4d.dir/build.make CMakeFiles/cmTC_f1d4d.dir/build
gmake[1]: Entering directory `/home/gwolfmann/stitch/StitchIt/CMakeFiles/CMakeTmp'
Building CXX object CMakeFiles/cmTC_f1d4d.dir/testCXXCompiler.cxx.o
/share/apps/gcc/9.2.0/bin/c++     -o CMakeFiles/cmTC_f1d4d.dir/testCXXCompiler.cxx.o -c /home/gwolfmann/stitch/StitchIt/CMakeFiles/CMakeTmp/testCXXCompiler.cxx
Linking CXX executable cmTC_f1d4d
/share/apps/cmake/3.14.6/bin/cmake -E cmake_link_script CMakeFiles/cmTC_f1d4d.dir/link.txt --verbose=1
/share/apps/gcc/9.2.0/bin/c++       -rdynamic CMakeFiles/cmTC_f1d4d.dir/testCXXCompiler.cxx.o  -o cmTC_f1d4d 
gmake[1]: Leaving directory `/home/gwolfmann/stitch/StitchIt/CMakeFiles/CMakeTmp'


Detecting CXX compiler ABI info compiled with the following output:
Change Dir: /home/gwolfmann/stitch/StitchIt/CMakeFiles/CMakeTmp

Run Build Command(s):/usr/bin/gmake cmTC_5acd7/fast 
/usr/bin/gmake -f CMakeFiles/cmTC_5acd7.dir/build.make CMakeFiles/cmTC_5acd7.dir/build
gmake[1]: Entering directory `/home/gwolfmann/stitch/StitchIt/CMakeFiles/CMakeTmp'
Building CXX object CMakeFiles/cmTC_5acd7.dir/CMakeCXXCompilerABI.cpp.o
/share/apps/gcc/9.2.0/bin/c++    -v -o CMakeFiles/cmTC_5acd7.dir/CMakeCXXCompilerABI.cpp.o -c /share/apps/cmake/3.14.6/share/cmake-3.14/Modules/CMakeCXXCompilerABI.cpp
Using built-in specs.
COLLECT_GCC=/share/apps/gcc/9.2.0/bin/c++
Target: x86_64-pc-linux-gnu
Configured with: ./configure --disable-bootstrap --enable-languages=all --enable-libgomp--enable-lto --enable-threads=posix --enable-tls --with-gmp=/share/apps/gmp/6.1.0 --with-mpfr=/share/apps/mpfr/3.1.4 --with-mpc=/share/apps/mpc/1.0.3 --with-fpmath=sse --with-isl=/share/apps/isl/0.18 --disable-multilib --prefix=/share/apps/gcc/9.2.0
Thread model: posix
gcc version 9.2.0 (GCC) 
COLLECT_GCC_OPTIONS='-v' '-o' 'CMakeFiles/cmTC_5acd7.dir/CMakeCXXCompilerABI.cpp.o' '-c' '-shared-libgcc' '-mtune=generic' '-march=x86-64'
 /share/apps/gcc/9.2.0/libexec/gcc/x86_64-pc-linux-gnu/9.2.0/cc1plus -quiet -v -D_GNU_SOURCE /share/apps/cmake/3.14.6/share/cmake-3.14/Modules/CMakeCXXCompilerABI.cpp -quiet -dumpbase CMakeCXXCompilerABI.cpp -mtune=generic -march=x86-64 -auxbase-strip CMakeFiles/cmTC_5acd7.dir/CMakeCXXCompilerABI.cpp.o -version -o /tmp/ccRKVyoP.s
GNU C++14 (GCC) version 9.2.0 (x86_64-pc-linux-gnu)
	compiled by GNU C version 4.8.5 20150623 (Red Hat 4.8.5-16), GMP version 6.1.0, MPFR version 3.1.4, MPC version 1.0.3, isl version isl-0.18-GMP

GGC heuristics: --param ggc-min-expand=100 --param ggc-min-heapsize=131072
ignoring nonexistent directory "/share/apps/gcc/9.2.0/lib/gcc/x86_64-pc-linux-gnu/9.2.0/../../../../x86_64-pc-linux-gnu/include"
#include "..." search starts here:
#include <...> search starts here:
 /share/apps/gcc/9.2.0/lib/gcc/x86_64-pc-linux-gnu/9.2.0/../../../../include/c++/9.2.0
 /share/apps/gcc/9.2.0/lib/gcc/x86_64-pc-linux-gnu/9.2.0/../../../../include/c++/9.2.0/x86_64-pc-linux-gnu
 /share/apps/gcc/9.2.0/lib/gcc/x86_64-pc-linux-gnu/9.2.0/../../../../include/c++/9.2.0/backward
 /share/apps/gcc/9.2.0/lib/gcc/x86_64-pc-linux-gnu/9.2.0/include
 /usr/local/include
 /share/apps/gcc/9.2.0/include
 /share/apps/gcc/9.2.0/lib/gcc/x86_64-pc-linux-gnu/9.2.0/include-fixed
 /usr/include
End of search list.
GNU C++14 (GCC) version 9.2.0 (x86_64-pc-linux-gnu)
	compiled by GNU C version 4.8.5 20150623 (Red Hat 4.8.5-16), GMP version 6.1.0, MPFR version 3.1.4, MPC version 1.0.3, isl version isl-0.18-GMP

GGC heuristics: --param ggc-min-expand=100 --param ggc-min-heapsize=131072
Compiler executable checksum: db3ae35f48c82c5dd9406c517831a091
COLLECT_GCC_OPTIONS='-v' '-o' 'CMakeFiles/cmTC_5acd7.dir/CMakeCXXCompilerABI.cpp.o' '-c' '-shared-libgcc' '-mtune=generic' '-march=x86-64'
 as -v --64 -o CMakeFiles/cmTC_5acd7.dir/CMakeCXXCompilerABI.cpp.o /tmp/ccRKVyoP.s
GNU assembler version 2.25.1 (x86_64-redhat-linux) using BFD version version 2.25.1-32.base.el7_4.1 
COMPILER_PATH=/share/apps/gcc/9.2.0/libexec/gcc/x86_64-pc-linux-gnu/9.2.0/:/share/apps/gcc/9.2.0/libexec/gcc/x86_64-pc-linux-gnu/9.2.0/:/share/apps/gcc/9.2.0/libexec/gcc/x86_64-pc-linux-gnu/:/share/apps/gcc/9.2.0/lib/gcc/x86_64-pc-linux-gnu/9.2.0/:/share/apps/gcc/9.2.0/lib/gcc/x86_64-pc-linux-gnu/
LIBRARY_PATH=/share/apps/gcc/9.2.0/lib/gcc/x86_64-pc-linux-gnu/9.2.0/:/share/apps/gcc/9.2.0/lib/gcc/x86_64-pc-linux-gnu/9.2.0/../../../../lib64/:/lib/../lib64/:/usr/lib/../lib64/:/share/apps/gcc/9.2.0/lib/gcc/x86_64-pc-linux-gnu/9.2.0/../../../:/lib/:/usr/lib/
COLLECT_GCC_OPTIONS='-v' '-o' 'CMakeFiles/cmTC_5acd7.dir/CMakeCXXCompilerABI.cpp.o' '-c' '-shared-libgcc' '-mtune=generic' '-march=x86-64'
Linking CXX executable cmTC_5acd7
/share/apps/cmake/3.14.6/bin/cmake -E cmake_link_script CMakeFiles/cmTC_5acd7.dir/link.txt --verbose=1
/share/apps/gcc/9.2.0/bin/c++      -v -rdynamic CMakeFiles/cmTC_5acd7.dir/CMakeCXXCompilerABI.cpp.o  -o cmTC_5acd7 
Using built-in specs.
COLLECT_GCC=/share/apps/gcc/9.2.0/bin/c++
COLLECT_LTO_WRAPPER=/share/apps/gcc/9.2.0/libexec/gcc/x86_64-pc-linux-gnu/9.2.0/lto-wrapper
Target: x86_64-pc-linux-gnu
Configured with: ./configure --disable-bootstrap --enable-languages=all --enable-libgomp--enable-lto --enable-threads=posix --enable-tls --with-gmp=/share/apps/gmp/6.1.0 --with-mpfr=/share/apps/mpfr/3.1.4 --with-mpc=/share/apps/mpc/1.0.3 --with-fpmath=sse --with-isl=/share/apps/isl/0.18 --disable-multilib --prefix=/share/apps/gcc/9.2.0
Thread model: posix
gcc version 9.2.0 (GCC) 
COMPILER_PATH=/share/apps/gcc/9.2.0/libexec/gcc/x86_64-pc-linux-gnu/9.2.0/:/share/apps/gcc/9.2.0/libexec/gcc/x86_64-pc-linux-gnu/9.2.0/:/share/apps/gcc/9.2.0/libexec/gcc/x86_64-pc-linux-gnu/:/share/apps/gcc/9.2.0/lib/gcc/x86_64-pc-linux-gnu/9.2.0/:/share/apps/gcc/9.2.0/lib/gcc/x86_64-pc-linux-gnu/
LIBRARY_PATH=/share/apps/gcc/9.2.0/lib/gcc/x86_64-pc-linux-gnu/9.2.0/:/share/apps/gcc/9.2.0/lib/gcc/x86_64-pc-linux-gnu/9.2.0/../../../../lib64/:/lib/../lib64/:/usr/lib/../lib64/:/share/apps/gcc/9.2.0/lib/gcc/x86_64-pc-linux-gnu/9.2.0/../../../:/lib/:/usr/lib/
COLLECT_GCC_OPTIONS='-v' '-rdynamic' '-o' 'cmTC_5acd7' '-shared-libgcc' '-mtune=generic' '-march=x86-64'
 /share/apps/gcc/9.2.0/libexec/gcc/x86_64-pc-linux-gnu/9.2.0/collect2 -plugin /share/apps/gcc/9.2.0/libexec/gcc/x86_64-pc-linux-gnu/9.2.0/liblto_plugin.so -plugin-opt=/share/apps/gcc/9.2.0/libexec/gcc/x86_64-pc-linux-gnu/9.2.0/lto-wrapper -plugin-opt=-fresolution=/tmp/ccj9ssBV.res -plugin-opt=-pass-through=-lgcc_s -plugin-opt=-pass-through=-lgcc -plugin-opt=-pass-through=-lc -plugin-opt=-pass-through=-lgcc_s -plugin-opt=-pass-through=-lgcc --eh-frame-hdr -m elf_x86_64 -export-dynamic -dynamic-linker /lib64/ld-linux-x86-64.so.2 -o cmTC_5acd7 /lib/../lib64/crt1.o /lib/../lib64/crti.o /share/apps/gcc/9.2.0/lib/gcc/x86_64-pc-linux-gnu/9.2.0/crtbegin.o -L/share/apps/gcc/9.2.0/lib/gcc/x86_64-pc-linux-gnu/9.2.0 -L/share/apps/gcc/9.2.0/lib/gcc/x86_64-pc-linux-gnu/9.2.0/../../../../lib64 -L/lib/../lib64 -L/usr/lib/../lib64 -L/share/apps/gcc/9.2.0/lib/gcc/x86_64-pc-linux-gnu/9.2.0/../../.. CMakeFiles/cmTC_5acd7.dir/CMakeCXXCompilerABI.cpp.o -lstdc++ -lm -lgcc_s -lgcc -lc -lgcc_s -lgcc /share/apps/gcc/9.2.0/lib/gcc/x86_64-pc-linux-gnu/9.2.0/crtend.o /lib/../lib64/crtn.o
COLLECT_GCC_OPTIONS='-v' '-rdynamic' '-o' 'cmTC_5acd7' '-shared-libgcc' '-mtune=generic' '-march=x86-64'
gmake[1]: Leaving directory `/home/gwolfmann/stitch/StitchIt/CMakeFiles/CMakeTmp'


Parsed CXX implicit include dir info from above output: rv=done
  found start of include info
  found start of implicit include info
    add: [/share/apps/gcc/9.2.0/lib/gcc/x86_64-pc-linux-gnu/9.2.0/../../../../include/c++/9.2.0]
    add: [/share/apps/gcc/9.2.0/lib/gcc/x86_64-pc-linux-gnu/9.2.0/../../../../include/c++/9.2.0/x86_64-pc-linux-gnu]
    add: [/share/apps/gcc/9.2.0/lib/gcc/x86_64-pc-linux-gnu/9.2.0/../../../../include/c++/9.2.0/backward]
    add: [/share/apps/gcc/9.2.0/lib/gcc/x86_64-pc-linux-gnu/9.2.0/include]
    add: [/usr/local/include]
    add: [/share/apps/gcc/9.2.0/include]
    add: [/share/apps/gcc/9.2.0/lib/gcc/x86_64-pc-linux-gnu/9.2.0/include-fixed]
    add: [/usr/include]
  end of search list found
  collapse include dir [/share/apps/gcc/9.2.0/lib/gcc/x86_64-pc-linux-gnu/9.2.0/../../../../include/c++/9.2.0] ==> [/share/apps/gcc/9.2.0/include/c++/9.2.0]
  collapse include dir [/share/apps/gcc/9.2.0/lib/gcc/x86_64-pc-linux-gnu/9.2.0/../../../../include/c++/9.2.0/x86_64-pc-linux-gnu] ==> [/share/apps/gcc/9.2.0/include/c++/9.2.0/x86_64-pc-linux-gnu]
  collapse include dir [/share/apps/gcc/9.2.0/lib/gcc/x86_64-pc-linux-gnu/9.2.0/../../../../include/c++/9.2.0/backward] ==> [/share/apps/gcc/9.2.0/include/c++/9.2.0/backward]
  collapse include dir [/share/apps/gcc/9.2.0/lib/gcc/x86_64-pc-linux-gnu/9.2.0/include] ==> [/share/apps/gcc/9.2.0/lib/gcc/x86_64-pc-linux-gnu/9.2.0/include]
  collapse include dir [/usr/local/include] ==> [/usr/local/include]
  collapse include dir [/share/apps/gcc/9.2.0/include] ==> [/share/apps/gcc/9.2.0/include]
  collapse include dir [/share/apps/gcc/9.2.0/lib/gcc/x86_64-pc-linux-gnu/9.2.0/include-fixed] ==> [/share/apps/gcc/9.2.0/lib/gcc/x86_64-pc-linux-gnu/9.2.0/include-fixed]
  collapse include dir [/usr/include] ==> [/usr/include]
  implicit include dirs: [/share/apps/gcc/9.2.0/include/c++/9.2.0;/share/apps/gcc/9.2.0/include/c++/9.2.0/x86_64-pc-linux-gnu;/share/apps/gcc/9.2.0/include/c++/9.2.0/backward;/share/apps/gcc/9.2.0/lib/gcc/x86_64-pc-linux-gnu/9.2.0/include;/usr/local/include;/share/apps/gcc/9.2.0/include;/share/apps/gcc/9.2.0/lib/gcc/x86_64-pc-linux-gnu/9.2.0/include-fixed;/usr/include]


Parsed CXX implicit link information from above output:
  link line regex: [^( *|.*[/\])(ld|CMAKE_LINK_STARTFILE-NOTFOUND|([^/\]+-)?ld|collect2)[^/\]*( |$)]
  ignore line: [Change Dir: /home/gwolfmann/stitch/StitchIt/CMakeFiles/CMakeTmp]
  ignore line: []
  ignore line: [Run Build Command(s):/usr/bin/gmake cmTC_5acd7/fast ]
  ignore line: [/usr/bin/gmake -f CMakeFiles/cmTC_5acd7.dir/build.make CMakeFiles/cmTC_5acd7.dir/build]
  ignore line: [gmake[1]: Entering directory `/home/gwolfmann/stitch/StitchIt/CMakeFiles/CMakeTmp']
  ignore line: [Building CXX object CMakeFiles/cmTC_5acd7.dir/CMakeCXXCompilerABI.cpp.o]
  ignore line: [/share/apps/gcc/9.2.0/bin/c++    -v -o CMakeFiles/cmTC_5acd7.dir/CMakeCXXCompilerABI.cpp.o -c /share/apps/cmake/3.14.6/share/cmake-3.14/Modules/CMakeCXXCompilerABI.cpp]
  ignore line: [Using built-in specs.]
  ignore line: [COLLECT_GCC=/share/apps/gcc/9.2.0/bin/c++]
  ignore line: [Target: x86_64-pc-linux-gnu]
  ignore line: [Configured with: ./configure --disable-bootstrap --enable-languages=all --enable-libgomp--enable-lto --enable-threads=posix --enable-tls --with-gmp=/share/apps/gmp/6.1.0 --with-mpfr=/share/apps/mpfr/3.1.4 --with-mpc=/share/apps/mpc/1.0.3 --with-fpmath=sse --with-isl=/share/apps/isl/0.18 --disable-multilib --prefix=/share/apps/gcc/9.2.0]
  ignore line: [Thread model: posix]
  ignore line: [gcc version 9.2.0 (GCC) ]
  ignore line: [COLLECT_GCC_OPTIONS='-v' '-o' 'CMakeFiles/cmTC_5acd7.dir/CMakeCXXCompilerABI.cpp.o' '-c' '-shared-libgcc' '-mtune=generic' '-march=x86-64']
  ignore line: [ /share/apps/gcc/9.2.0/libexec/gcc/x86_64-pc-linux-gnu/9.2.0/cc1plus -quiet -v -D_GNU_SOURCE /share/apps/cmake/3.14.6/share/cmake-3.14/Modules/CMakeCXXCompilerABI.cpp -quiet -dumpbase CMakeCXXCompilerABI.cpp -mtune=generic -march=x86-64 -auxbase-strip CMakeFiles/cmTC_5acd7.dir/CMakeCXXCompilerABI.cpp.o -version -o /tmp/ccRKVyoP.s]
  ignore line: [GNU C++14 (GCC) version 9.2.0 (x86_64-pc-linux-gnu)]
  ignore line: [	compiled by GNU C version 4.8.5 20150623 (Red Hat 4.8.5-16), GMP version 6.1.0, MPFR version 3.1.4, MPC version 1.0.3, isl version isl-0.18-GMP]
  ignore line: []
  ignore line: [GGC heuristics: --param ggc-min-expand=100 --param ggc-min-heapsize=131072]
  ignore line: [ignoring nonexistent directory "/share/apps/gcc/9.2.0/lib/gcc/x86_64-pc-linux-gnu/9.2.0/../../../../x86_64-pc-linux-gnu/include"]
  ignore line: [#include "..." search starts here:]
  ignore line: [#include <...> search starts here:]
  ignore line: [ /share/apps/gcc/9.2.0/lib/gcc/x86_64-pc-linux-gnu/9.2.0/../../../../include/c++/9.2.0]
  ignore line: [ /share/apps/gcc/9.2.0/lib/gcc/x86_64-pc-linux-gnu/9.2.0/../../../../include/c++/9.2.0/x86_64-pc-linux-gnu]
  ignore line: [ /share/apps/gcc/9.2.0/lib/gcc/x86_64-pc-linux-gnu/9.2.0/../../../../include/c++/9.2.0/backward]
  ignore line: [ /share/apps/gcc/9.2.0/lib/gcc/x86_64-pc-linux-gnu/9.2.0/include]
  ignore line: [ /usr/local/include]
  ignore line: [ /share/apps/gcc/9.2.0/include]
  ignore line: [ /share/apps/gcc/9.2.0/lib/gcc/x86_64-pc-linux-gnu/9.2.0/include-fixed]
  ignore line: [ /usr/include]
  ignore line: [End of search list.]
  ignore line: [GNU C++14 (GCC) version 9.2.0 (x86_64-pc-linux-gnu)]
  ignore line: [	compiled by GNU C version 4.8.5 20150623 (Red Hat 4.8.5-16), GMP version 6.1.0, MPFR version 3.1.4, MPC version 1.0.3, isl version isl-0.18-GMP]
  ignore line: []
  ignore line: [GGC heuristics: --param ggc-min-expand=100 --param ggc-min-heapsize=131072]
  ignore line: [Compiler executable checksum: db3ae35f48c82c5dd9406c517831a091]
  ignore line: [COLLECT_GCC_OPTIONS='-v' '-o' 'CMakeFiles/cmTC_5acd7.dir/CMakeCXXCompilerABI.cpp.o' '-c' '-shared-libgcc' '-mtune=generic' '-march=x86-64']
  ignore line: [ as -v --64 -o CMakeFiles/cmTC_5acd7.dir/CMakeCXXCompilerABI.cpp.o /tmp/ccRKVyoP.s]
  ignore line: [GNU assembler version 2.25.1 (x86_64-redhat-linux) using BFD version version 2.25.1-32.base.el7_4.1 ]
  ignore line: [COMPILER_PATH=/share/apps/gcc/9.2.0/libexec/gcc/x86_64-pc-linux-gnu/9.2.0/:/share/apps/gcc/9.2.0/libexec/gcc/x86_64-pc-linux-gnu/9.2.0/:/share/apps/gcc/9.2.0/libexec/gcc/x86_64-pc-linux-gnu/:/share/apps/gcc/9.2.0/lib/gcc/x86_64-pc-linux-gnu/9.2.0/:/share/apps/gcc/9.2.0/lib/gcc/x86_64-pc-linux-gnu/]
  ignore line: [LIBRARY_PATH=/share/apps/gcc/9.2.0/lib/gcc/x86_64-pc-linux-gnu/9.2.0/:/share/apps/gcc/9.2.0/lib/gcc/x86_64-pc-linux-gnu/9.2.0/../../../../lib64/:/lib/../lib64/:/usr/lib/../lib64/:/share/apps/gcc/9.2.0/lib/gcc/x86_64-pc-linux-gnu/9.2.0/../../../:/lib/:/usr/lib/]
  ignore line: [COLLECT_GCC_OPTIONS='-v' '-o' 'CMakeFiles/cmTC_5acd7.dir/CMakeCXXCompilerABI.cpp.o' '-c' '-shared-libgcc' '-mtune=generic' '-march=x86-64']
  ignore line: [Linking CXX executable cmTC_5acd7]
  ignore line: [/share/apps/cmake/3.14.6/bin/cmake -E cmake_link_script CMakeFiles/cmTC_5acd7.dir/link.txt --verbose=1]
  ignore line: [/share/apps/gcc/9.2.0/bin/c++      -v -rdynamic CMakeFiles/cmTC_5acd7.dir/CMakeCXXCompilerABI.cpp.o  -o cmTC_5acd7 ]
  ignore line: [Using built-in specs.]
  ignore line: [COLLECT_GCC=/share/apps/gcc/9.2.0/bin/c++]
  ignore line: [COLLECT_LTO_WRAPPER=/share/apps/gcc/9.2.0/libexec/gcc/x86_64-pc-linux-gnu/9.2.0/lto-wrapper]
  ignore line: [Target: x86_64-pc-linux-gnu]
  ignore line: [Configured with: ./configure --disable-bootstrap --enable-languages=all --enable-libgomp--enable-lto --enable-threads=posix --enable-tls --with-gmp=/share/apps/gmp/6.1.0 --with-mpfr=/share/apps/mpfr/3.1.4 --with-mpc=/share/apps/mpc/1.0.3 --with-fpmath=sse --with-isl=/share/apps/isl/0.18 --disable-multilib --prefix=/share/apps/gcc/9.2.0]
  ignore line: [Thread model: posix]
  ignore line: [gcc version 9.2.0 (GCC) ]
  ignore line: [COMPILER_PATH=/share/apps/gcc/9.2.0/libexec/gcc/x86_64-pc-linux-gnu/9.2.0/:/share/apps/gcc/9.2.0/libexec/gcc/x86_64-pc-linux-gnu/9.2.0/:/share/apps/gcc/9.2.0/libexec/gcc/x86_64-pc-linux-gnu/:/share/apps/gcc/9.2.0/lib/gcc/x86_64-pc-linux-gnu/9.2.0/:/share/apps/gcc/9.2.0/lib/gcc/x86_64-pc-linux-gnu/]
  ignore line: [LIBRARY_PATH=/share/apps/gcc/9.2.0/lib/gcc/x86_64-pc-linux-gnu/9.2.0/:/share/apps/gcc/9.2.0/lib/gcc/x86_64-pc-linux-gnu/9.2.0/../../../../lib64/:/lib/../lib64/:/usr/lib/../lib64/:/share/apps/gcc/9.2.0/lib/gcc/x86_64-pc-linux-gnu/9.2.0/../../../:/lib/:/usr/lib/]
  ignore line: [COLLECT_GCC_OPTIONS='-v' '-rdynamic' '-o' 'cmTC_5acd7' '-shared-libgcc' '-mtune=generic' '-march=x86-64']
  link line: [ /share/apps/gcc/9.2.0/libexec/gcc/x86_64-pc-linux-gnu/9.2.0/collect2 -plugin /share/apps/gcc/9.2.0/libexec/gcc/x86_64-pc-linux-gnu/9.2.0/liblto_plugin.so -plugin-opt=/share/apps/gcc/9.2.0/libexec/gcc/x86_64-pc-linux-gnu/9.2.0/lto-wrapper -plugin-opt=-fresolution=/tmp/ccj9ssBV.res -plugin-opt=-pass-through=-lgcc_s -plugin-opt=-pass-through=-lgcc -plugin-opt=-pass-through=-lc -plugin-opt=-pass-through=-lgcc_s -plugin-opt=-pass-through=-lgcc --eh-frame-hdr -m elf_x86_64 -export-dynamic -dynamic-linker /lib64/ld-linux-x86-64.so.2 -o cmTC_5acd7 /lib/../lib64/crt1.o /lib/../lib64/crti.o /share/apps/gcc/9.2.0/lib/gcc/x86_64-pc-linux-gnu/9.2.0/crtbegin.o -L/share/apps/gcc/9.2.0/lib/gcc/x86_64-pc-linux-gnu/9.2.0 -L/share/apps/gcc/9.2.0/lib/gcc/x86_64-pc-linux-gnu/9.2.0/../../../../lib64 -L/lib/../lib64 -L/usr/lib/../lib64 -L/share/apps/gcc/9.2.0/lib/gcc/x86_64-pc-linux-gnu/9.2.0/../../.. CMakeFiles/cmTC_5acd7.dir/CMakeCXXCompilerABI.cpp.o -lstdc++ -lm -lgcc_s -lgcc -lc -lgcc_s -lgcc /share/apps/gcc/9.2.0/lib/gcc/x86_64-pc-linux-gnu/9.2.0/crtend.o /lib/../lib64/crtn.o]
    arg [/share/apps/gcc/9.2.0/libexec/gcc/x86_64-pc-linux-gnu/9.2.0/collect2] ==> ignore
    arg [-plugin] ==> ignore
    arg [/share/apps/gcc/9.2.0/libexec/gcc/x86_64-pc-linux-gnu/9.2.0/liblto_plugin.so] ==> ignore
    arg [-plugin-opt=/share/apps/gcc/9.2.0/libexec/gcc/x86_64-pc-linux-gnu/9.2.0/lto-wrapper] ==> ignore
    arg [-plugin-opt=-fresolution=/tmp/ccj9ssBV.res] ==> ignore
    arg [-plugin-opt=-pass-through=-lgcc_s] ==> ignore
    arg [-plugin-opt=-pass-through=-lgcc] ==> ignore
    arg [-plugin-opt=-pass-through=-lc] ==> ignore
    arg [-plugin-opt=-pass-through=-lgcc_s] ==> ignore
    arg [-plugin-opt=-pass-through=-lgcc] ==> ignore
    arg [--eh-frame-hdr] ==> ignore
    arg [-m] ==> ignore
    arg [elf_x86_64] ==> ignore
    arg [-export-dynamic] ==> ignore
    arg [-dynamic-linker] ==> ignore
    arg [/lib64/ld-linux-x86-64.so.2] ==> ignore
    arg [-o] ==> ignore
    arg [cmTC_5acd7] ==> ignore
    arg [/lib/../lib64/crt1.o] ==> ignore
    arg [/lib/../lib64/crti.o] ==> ignore
    arg [/share/apps/gcc/9.2.0/lib/gcc/x86_64-pc-linux-gnu/9.2.0/crtbegin.o] ==> ignore
    arg [-L/share/apps/gcc/9.2.0/lib/gcc/x86_64-pc-linux-gnu/9.2.0] ==> dir [/share/apps/gcc/9.2.0/lib/gcc/x86_64-pc-linux-gnu/9.2.0]
    arg [-L/share/apps/gcc/9.2.0/lib/gcc/x86_64-pc-linux-gnu/9.2.0/../../../../lib64] ==> dir [/share/apps/gcc/9.2.0/lib/gcc/x86_64-pc-linux-gnu/9.2.0/../../../../lib64]
    arg [-L/lib/../lib64] ==> dir [/lib/../lib64]
    arg [-L/usr/lib/../lib64] ==> dir [/usr/lib/../lib64]
    arg [-L/share/apps/gcc/9.2.0/lib/gcc/x86_64-pc-linux-gnu/9.2.0/../../..] ==> dir [/share/apps/gcc/9.2.0/lib/gcc/x86_64-pc-linux-gnu/9.2.0/../../..]
    arg [CMakeFiles/cmTC_5acd7.dir/CMakeCXXCompilerABI.cpp.o] ==> ignore
    arg [-lstdc++] ==> lib [stdc++]
    arg [-lm] ==> lib [m]
    arg [-lgcc_s] ==> lib [gcc_s]
    arg [-lgcc] ==> lib [gcc]
    arg [-lc] ==> lib [c]
    arg [-lgcc_s] ==> lib [gcc_s]
    arg [-lgcc] ==> lib [gcc]
    arg [/share/apps/gcc/9.2.0/lib/gcc/x86_64-pc-linux-gnu/9.2.0/crtend.o] ==> ignore
    arg [/lib/../lib64/crtn.o] ==> ignore
  collapse library dir [/share/apps/gcc/9.2.0/lib/gcc/x86_64-pc-linux-gnu/9.2.0] ==> [/share/apps/gcc/9.2.0/lib/gcc/x86_64-pc-linux-gnu/9.2.0]
  collapse library dir [/share/apps/gcc/9.2.0/lib/gcc/x86_64-pc-linux-gnu/9.2.0/../../../../lib64] ==> [/share/apps/gcc/9.2.0/lib64]
  collapse library dir [/lib/../lib64] ==> [/lib64]
  collapse library dir [/usr/lib/../lib64] ==> [/usr/lib64]
  collapse library dir [/share/apps/gcc/9.2.0/lib/gcc/x86_64-pc-linux-gnu/9.2.0/../../..] ==> [/share/apps/gcc/9.2.0/lib]
  implicit libs: [stdc++;m;gcc_s;gcc;c;gcc_s;gcc]
  implicit dirs: [/share/apps/gcc/9.2.0/lib/gcc/x86_64-pc-linux-gnu/9.2.0;/share/apps/gcc/9.2.0/lib64;/lib64;/usr/lib64;/share/apps/gcc/9.2.0/lib]
  implicit fwks: []




Detecting CXX [-std=c++2a] compiler features compiled with the following output:
Change Dir: /home/gwolfmann/stitch/StitchIt/CMakeFiles/CMakeTmp

Run Build Command(s):/usr/bin/gmake cmTC_0da35/fast 
/usr/bin/gmake -f CMakeFiles/cmTC_0da35.dir/build.make CMakeFiles/cmTC_0da35.dir/build
gmake[1]: Entering directory `/home/gwolfmann/stitch/StitchIt/CMakeFiles/CMakeTmp'
Building CXX object CMakeFiles/cmTC_0da35.dir/feature_tests.cxx.o
/share/apps/gcc/9.2.0/bin/c++    -std=c++2a -o CMakeFiles/cmTC_0da35.dir/feature_tests.cxx.o -c /home/gwolfmann/stitch/StitchIt/CMakeFiles/feature_tests.cxx
Linking CXX executable cmTC_0da35
/share/apps/cmake/3.14.6/bin/cmake -E cmake_link_script CMakeFiles/cmTC_0da35.dir/link.txt --verbose=1
/share/apps/gcc/9.2.0/bin/c++       -rdynamic CMakeFiles/cmTC_0da35.dir/feature_tests.cxx.o  -o cmTC_0da35 
gmake[1]: Leaving directory `/home/gwolfmann/stitch/StitchIt/CMakeFiles/CMakeTmp'


    Feature record: CXX_FEATURE:1cxx_aggregate_default_initializers
    Feature record: CXX_FEATURE:1cxx_alias_templates
    Feature record: CXX_FEATURE:1cxx_alignas
    Feature record: CXX_FEATURE:1cxx_alignof
    Feature record: CXX_FEATURE:1cxx_attributes
    Feature record: CXX_FEATURE:1cxx_attribute_deprecated
    Feature record: CXX_FEATURE:1cxx_auto_type
    Feature record: CXX_FEATURE:1cxx_binary_literals
    Feature record: CXX_FEATURE:1cxx_constexpr
    Feature record: CXX_FEATURE:1cxx_contextual_conversions
    Feature record: CXX_FEATURE:1cxx_decltype
    Feature record: CXX_FEATURE:1cxx_decltype_auto
    Feature record: CXX_FEATURE:1cxx_decltype_incomplete_return_types
    Feature record: CXX_FEATURE:1cxx_default_function_template_args
    Feature record: CXX_FEATURE:1cxx_defaulted_functions
    Feature record: CXX_FEATURE:1cxx_defaulted_move_initializers
    Feature record: CXX_FEATURE:1cxx_delegating_constructors
    Feature record: CXX_FEATURE:1cxx_deleted_functions
    Feature record: CXX_FEATURE:1cxx_digit_separators
    Feature record: CXX_FEATURE:1cxx_enum_forward_declarations
    Feature record: CXX_FEATURE:1cxx_explicit_conversions
    Feature record: CXX_FEATURE:1cxx_extended_friend_declarations
    Feature record: CXX_FEATURE:1cxx_extern_templates
    Feature record: CXX_FEATURE:1cxx_final
    Feature record: CXX_FEATURE:1cxx_func_identifier
    Feature record: CXX_FEATURE:1cxx_generalized_initializers
    Feature record: CXX_FEATURE:1cxx_generic_lambdas
    Feature record: CXX_FEATURE:1cxx_inheriting_constructors
    Feature record: CXX_FEATURE:1cxx_inline_namespaces
    Feature record: CXX_FEATURE:1cxx_lambdas
    Feature record: CXX_FEATURE:1cxx_lambda_init_captures
    Feature record: CXX_FEATURE:1cxx_local_type_template_args
    Feature record: CXX_FEATURE:1cxx_long_long_type
    Feature record: CXX_FEATURE:1cxx_noexcept
    Feature record: CXX_FEATURE:1cxx_nonstatic_member_init
    Feature record: CXX_FEATURE:1cxx_nullptr
    Feature record: CXX_FEATURE:1cxx_override
    Feature record: CXX_FEATURE:1cxx_range_for
    Feature record: CXX_FEATURE:1cxx_raw_string_literals
    Feature record: CXX_FEATURE:1cxx_reference_qualified_functions
    Feature record: CXX_FEATURE:1cxx_relaxed_constexpr
    Feature record: CXX_FEATURE:1cxx_return_type_deduction
    Feature record: CXX_FEATURE:1cxx_right_angle_brackets
    Feature record: CXX_FEATURE:1cxx_rvalue_references
    Feature record: CXX_FEATURE:1cxx_sizeof_member
    Feature record: CXX_FEATURE:1cxx_static_assert
    Feature record: CXX_FEATURE:1cxx_strong_enums
    Feature record: CXX_FEATURE:1cxx_template_template_parameters
    Feature record: CXX_FEATURE:1cxx_thread_local
    Feature record: CXX_FEATURE:1cxx_trailing_return_types
    Feature record: CXX_FEATURE:1cxx_unicode_literals
    Feature record: CXX_FEATURE:1cxx_uniform_initialization
    Feature record: CXX_FEATURE:1cxx_unrestricted_unions
    Feature record: CXX_FEATURE:1cxx_user_literals
    Feature record: CXX_FEATURE:1cxx_variable_templates
    Feature record: CXX_FEATURE:1cxx_variadic_macros
    Feature record: CXX_FEATURE:1cxx_variadic_templates


Detecting CXX [-std=c++17] compiler features compiled with the following output:
Change Dir: /home/gwolfmann/stitch/StitchIt/CMakeFiles/CMakeTmp

Run Build Command(s):/usr/bin/gmake cmTC_d4b6f/fast 
/usr/bin/gmake -f CMakeFiles/cmTC_d4b6f.dir/build.make CMakeFiles/cmTC_d4b6f.dir/build
gmake[1]: Entering directory `/home/gwolfmann/stitch/StitchIt/CMakeFiles/CMakeTmp'
Building CXX object CMakeFiles/cmTC_d4b6f.dir/feature_tests.cxx.o
/share/apps/gcc/9.2.0/bin/c++    -std=c++17 -o CMakeFiles/cmTC_d4b6f.dir/feature_tests.cxx.o -c /home/gwolfmann/stitch/StitchIt/CMakeFiles/feature_tests.cxx
Linking CXX executable cmTC_d4b6f
/share/apps/cmake/3.14.6/bin/cmake -E cmake_link_script CMakeFiles/cmTC_d4b6f.dir/link.txt --verbose=1
/share/apps/gcc/9.2.0/bin/c++       -rdynamic CMakeFiles/cmTC_d4b6f.dir/feature_tests.cxx.o  -o cmTC_d4b6f 
gmake[1]: Leaving directory `/home/gwolfmann/stitch/StitchIt/CMakeFiles/CMakeTmp'


    Feature record: CXX_FEATURE:1cxx_aggregate_default_initializers
    Feature record: CXX_FEATURE:1cxx_alias_templates
    Feature record: CXX_FEATURE:1cxx_alignas
    Feature record: CXX_FEATURE:1cxx_alignof
    Feature record: CXX_FEATURE:1cxx_attributes
    Feature record: CXX_FEATURE:1cxx_attribute_deprecated
    Feature record: CXX_FEATURE:1cxx_auto_type
    Feature record: CXX_FEATURE:1cxx_binary_literals
    Feature record: CXX_FEATURE:1cxx_constexpr
    Feature record: CXX_FEATURE:1cxx_contextual_conversions
    Feature record: CXX_FEATURE:1cxx_decltype
    Feature record: CXX_FEATURE:1cxx_decltype_auto
    Feature record: CXX_FEATURE:1cxx_decltype_incomplete_return_types
    Feature record: CXX_FEATURE:1cxx_default_function_template_args
    Feature record: CXX_FEATURE:1cxx_defaulted_functions
    Feature record: CXX_FEATURE:1cxx_defaulted_move_initializers
    Feature record: CXX_FEATURE:1cxx_delegating_constructors
    Feature record: CXX_FEATURE:1cxx_deleted_functions
    Feature record: CXX_FEATURE:1cxx_digit_separators
    Feature record: CXX_FEATURE:1cxx_enum_forward_declarations
    Feature record: CXX_FEATURE:1cxx_explicit_conversions
    Feature record: CXX_FEATURE:1cxx_extended_friend_declarations
    Feature record: CXX_FEATURE:1cxx_extern_templates
    Feature record: CXX_FEATURE:1cxx_final
    Feature record: CXX_FEATURE:1cxx_func_identifier
    Feature record: CXX_FEATURE:1cxx_generalized_initializers
    Feature record: CXX_FEATURE:1cxx_generic_lambdas
    Feature record: CXX_FEATURE:1cxx_inheriting_constructors
    Feature record: CXX_FEATURE:1cxx_inline_namespaces
    Feature record: CXX_FEATURE:1cxx_lambdas
    Feature record: CXX_FEATURE:1cxx_lambda_init_captures
    Feature record: CXX_FEATURE:1cxx_local_type_template_args
    Feature record: CXX_FEATURE:1cxx_long_long_type
    Feature record: CXX_FEATURE:1cxx_noexcept
    Feature record: CXX_FEATURE:1cxx_nonstatic_member_init
    Feature record: CXX_FEATURE:1cxx_nullptr
    Feature record: CXX_FEATURE:1cxx_override
    Feature record: CXX_FEATURE:1cxx_range_for
    Feature record: CXX_FEATURE:1cxx_raw_string_literals
    Feature record: CXX_FEATURE:1cxx_reference_qualified_functions
    Feature record: CXX_FEATURE:1cxx_relaxed_constexpr
    Feature record: CXX_FEATURE:1cxx_return_type_deduction
    Feature record: CXX_FEATURE:1cxx_right_angle_brackets
    Feature record: CXX_FEATURE:1cxx_rvalue_references
    Feature record: CXX_FEATURE:1cxx_sizeof_member
    Feature record: CXX_FEATURE:1cxx_static_assert
    Feature record: CXX_FEATURE:1cxx_strong_enums
    Feature record: CXX_FEATURE:1cxx_template_template_parameters
    Feature record: CXX_FEATURE:1cxx_thread_local
    Feature record: CXX_FEATURE:1cxx_trailing_return_types
    Feature record: CXX_FEATURE:1cxx_unicode_literals
    Feature record: CXX_FEATURE:1cxx_uniform_initialization
    Feature record: CXX_FEATURE:1cxx_unrestricted_unions
    Feature record: CXX_FEATURE:1cxx_user_literals
    Feature record: CXX_FEATURE:1cxx_variable_templates
    Feature record: CXX_FEATURE:1cxx_variadic_macros
    Feature record: CXX_FEATURE:1cxx_variadic_templates


Detecting CXX [-std=c++14] compiler features compiled with the following output:
Change Dir: /home/gwolfmann/stitch/StitchIt/CMakeFiles/CMakeTmp

Run Build Command(s):/usr/bin/gmake cmTC_e000d/fast 
/usr/bin/gmake -f CMakeFiles/cmTC_e000d.dir/build.make CMakeFiles/cmTC_e000d.dir/build
gmake[1]: Entering directory `/home/gwolfmann/stitch/StitchIt/CMakeFiles/CMakeTmp'
Building CXX object CMakeFiles/cmTC_e000d.dir/feature_tests.cxx.o
/share/apps/gcc/9.2.0/bin/c++    -std=c++14 -o CMakeFiles/cmTC_e000d.dir/feature_tests.cxx.o -c /home/gwolfmann/stitch/StitchIt/CMakeFiles/feature_tests.cxx
Linking CXX executable cmTC_e000d
/share/apps/cmake/3.14.6/bin/cmake -E cmake_link_script CMakeFiles/cmTC_e000d.dir/link.txt --verbose=1
/share/apps/gcc/9.2.0/bin/c++       -rdynamic CMakeFiles/cmTC_e000d.dir/feature_tests.cxx.o  -o cmTC_e000d 
gmake[1]: Leaving directory `/home/gwolfmann/stitch/StitchIt/CMakeFiles/CMakeTmp'


    Feature record: CXX_FEATURE:1cxx_aggregate_default_initializers
    Feature record: CXX_FEATURE:1cxx_alias_templates
    Feature record: CXX_FEATURE:1cxx_alignas
    Feature record: CXX_FEATURE:1cxx_alignof
    Feature record: CXX_FEATURE:1cxx_attributes
    Feature record: CXX_FEATURE:1cxx_attribute_deprecated
    Feature record: CXX_FEATURE:1cxx_auto_type
    Feature record: CXX_FEATURE:1cxx_binary_literals
    Feature record: CXX_FEATURE:1cxx_constexpr
    Feature record: CXX_FEATURE:1cxx_contextual_conversions
    Feature record: CXX_FEATURE:1cxx_decltype
    Feature record: CXX_FEATURE:1cxx_decltype_auto
    Feature record: CXX_FEATURE:1cxx_decltype_incomplete_return_types
    Feature record: CXX_FEATURE:1cxx_default_function_template_args
    Feature record: CXX_FEATURE:1cxx_defaulted_functions
    Feature record: CXX_FEATURE:1cxx_defaulted_move_initializers
    Feature record: CXX_FEATURE:1cxx_delegating_constructors
    Feature record: CXX_FEATURE:1cxx_deleted_functions
    Feature record: CXX_FEATURE:1cxx_digit_separators
    Feature record: CXX_FEATURE:1cxx_enum_forward_declarations
    Feature record: CXX_FEATURE:1cxx_explicit_conversions
    Feature record: CXX_FEATURE:1cxx_extended_friend_declarations
    Feature record: CXX_FEATURE:1cxx_extern_templates
    Feature record: CXX_FEATURE:1cxx_final
    Feature record: CXX_FEATURE:1cxx_func_identifier
    Feature record: CXX_FEATURE:1cxx_generalized_initializers
    Feature record: CXX_FEATURE:1cxx_generic_lambdas
    Feature record: CXX_FEATURE:1cxx_inheriting_constructors
    Feature record: CXX_FEATURE:1cxx_inline_namespaces
    Feature record: CXX_FEATURE:1cxx_lambdas
    Feature record: CXX_FEATURE:1cxx_lambda_init_captures
    Feature record: CXX_FEATURE:1cxx_local_type_template_args
    Feature record: CXX_FEATURE:1cxx_long_long_type
    Feature record: CXX_FEATURE:1cxx_noexcept
    Feature record: CXX_FEATURE:1cxx_nonstatic_member_init
    Feature record: CXX_FEATURE:1cxx_nullptr
    Feature record: CXX_FEATURE:1cxx_override
    Feature record: CXX_FEATURE:1cxx_range_for
    Feature record: CXX_FEATURE:1cxx_raw_string_literals
    Feature record: CXX_FEATURE:1cxx_reference_qualified_functions
    Feature record: CXX_FEATURE:1cxx_relaxed_constexpr
    Feature record: CXX_FEATURE:1cxx_return_type_deduction
    Feature record: CXX_FEATURE:1cxx_right_angle_brackets
    Feature record: CXX_FEATURE:1cxx_rvalue_references
    Feature record: CXX_FEATURE:1cxx_sizeof_member
    Feature record: CXX_FEATURE:1cxx_static_assert
    Feature record: CXX_FEATURE:1cxx_strong_enums
    Feature record: CXX_FEATURE:1cxx_template_template_parameters
    Feature record: CXX_FEATURE:1cxx_thread_local
    Feature record: CXX_FEATURE:1cxx_trailing_return_types
    Feature record: CXX_FEATURE:1cxx_unicode_literals
    Feature record: CXX_FEATURE:1cxx_uniform_initialization
    Feature record: CXX_FEATURE:1cxx_unrestricted_unions
    Feature record: CXX_FEATURE:1cxx_user_literals
    Feature record: CXX_FEATURE:1cxx_variable_templates
    Feature record: CXX_FEATURE:1cxx_variadic_macros
    Feature record: CXX_FEATURE:1cxx_variadic_templates


Detecting CXX [-std=c++11] compiler features compiled with the following output:
Change Dir: /home/gwolfmann/stitch/StitchIt/CMakeFiles/CMakeTmp

Run Build Command(s):/usr/bin/gmake cmTC_4454c/fast 
/usr/bin/gmake -f CMakeFiles/cmTC_4454c.dir/build.make CMakeFiles/cmTC_4454c.dir/build
gmake[1]: Entering directory `/home/gwolfmann/stitch/StitchIt/CMakeFiles/CMakeTmp'
Building CXX object CMakeFiles/cmTC_4454c.dir/feature_tests.cxx.o
/share/apps/gcc/9.2.0/bin/c++    -std=c++11 -o CMakeFiles/cmTC_4454c.dir/feature_tests.cxx.o -c /home/gwolfmann/stitch/StitchIt/CMakeFiles/feature_tests.cxx
Linking CXX executable cmTC_4454c
/share/apps/cmake/3.14.6/bin/cmake -E cmake_link_script CMakeFiles/cmTC_4454c.dir/link.txt --verbose=1
/share/apps/gcc/9.2.0/bin/c++       -rdynamic CMakeFiles/cmTC_4454c.dir/feature_tests.cxx.o  -o cmTC_4454c 
gmake[1]: Leaving directory `/home/gwolfmann/stitch/StitchIt/CMakeFiles/CMakeTmp'


    Feature record: CXX_FEATURE:0cxx_aggregate_default_initializers
    Feature record: CXX_FEATURE:1cxx_alias_templates
    Feature record: CXX_FEATURE:1cxx_alignas
    Feature record: CXX_FEATURE:1cxx_alignof
    Feature record: CXX_FEATURE:1cxx_attributes
    Feature record: CXX_FEATURE:0cxx_attribute_deprecated
    Feature record: CXX_FEATURE:1cxx_auto_type
    Feature record: CXX_FEATURE:0cxx_binary_literals
    Feature record: CXX_FEATURE:1cxx_constexpr
    Feature record: CXX_FEATURE:0cxx_contextual_conversions
    Feature record: CXX_FEATURE:1cxx_decltype
    Feature record: CXX_FEATURE:0cxx_decltype_auto
    Feature record: CXX_FEATURE:1cxx_decltype_incomplete_return_types
    Feature record: CXX_FEATURE:1cxx_default_function_template_args
    Feature record: CXX_FEATURE:1cxx_defaulted_functions
    Feature record: CXX_FEATURE:1cxx_defaulted_move_initializers
    Feature record: CXX_FEATURE:1cxx_delegating_constructors
    Feature record: CXX_FEATURE:1cxx_deleted_functions
    Feature record: CXX_FEATURE:0cxx_digit_separators
    Feature record: CXX_FEATURE:1cxx_enum_forward_declarations
    Feature record: CXX_FEATURE:1cxx_explicit_conversions
    Feature record: CXX_FEATURE:1cxx_extended_friend_declarations
    Feature record: CXX_FEATURE:1cxx_extern_templates
    Feature record: CXX_FEATURE:1cxx_final
    Feature record: CXX_FEATURE:1cxx_func_identifier
    Feature record: CXX_FEATURE:1cxx_generalized_initializers
    Feature record: CXX_FEATURE:0cxx_generic_lambdas
    Feature record: CXX_FEATURE:1cxx_inheriting_constructors
    Feature record: CXX_FEATURE:1cxx_inline_namespaces
    Feature record: CXX_FEATURE:1cxx_lambdas
    Feature record: CXX_FEATURE:0cxx_lambda_init_captures
    Feature record: CXX_FEATURE:1cxx_local_type_template_args
    Feature record: CXX_FEATURE:1cxx_long_long_type
    Feature record: CXX_FEATURE:1cxx_noexcept
    Feature record: CXX_FEATURE:1cxx_nonstatic_member_init
    Feature record: CXX_FEATURE:1cxx_nullptr
    Feature record: CXX_FEATURE:1cxx_override
    Feature record: CXX_FEATURE:1cxx_range_for
    Feature record: CXX_FEATURE:1cxx_raw_string_literals
    Feature record: CXX_FEATURE:1cxx_reference_qualified_functions
    Feature record: CXX_FEATURE:0cxx_relaxed_constexpr
    Feature record: CXX_FEATURE:0cxx_return_type_deduction
    Feature record: CXX_FEATURE:1cxx_right_angle_brackets
    Feature record: CXX_FEATURE:1cxx_rvalue_references
    Feature record: CXX_FEATURE:1cxx_sizeof_member
    Feature record: CXX_FEATURE:1cxx_static_assert
    Feature record: CXX_FEATURE:1cxx_strong_enums
    Feature record: CXX_FEATURE:1cxx_template_template_parameters
    Feature record: CXX_FEATURE:1cxx_thread_local
    Feature record: CXX_FEATURE:1cxx_trailing_return_types
    Feature record: CXX_FEATURE:1cxx_unicode_literals
    Feature record: CXX_FEATURE:1cxx_uniform_initialization
    Feature record: CXX_FEATURE:1cxx_unrestricted_unions
    Feature record: CXX_FEATURE:1cxx_user_literals
    Feature record: CXX_FEATURE:0cxx_variable_templates
    Feature record: CXX_FEATURE:1cxx_variadic_macros
    Feature record: CXX_FEATURE:1cxx_variadic_templates


Detecting CXX [-std=c++98] compiler features compiled with the following output:
Change Dir: /home/gwolfmann/stitch/StitchIt/CMakeFiles/CMakeTmp

Run Build Command(s):/usr/bin/gmake cmTC_9c2a7/fast 
/usr/bin/gmake -f CMakeFiles/cmTC_9c2a7.dir/build.make CMakeFiles/cmTC_9c2a7.dir/build
gmake[1]: Entering directory `/home/gwolfmann/stitch/StitchIt/CMakeFiles/CMakeTmp'
Building CXX object CMakeFiles/cmTC_9c2a7.dir/feature_tests.cxx.o
/share/apps/gcc/9.2.0/bin/c++    -std=c++98 -o CMakeFiles/cmTC_9c2a7.dir/feature_tests.cxx.o -c /home/gwolfmann/stitch/StitchIt/CMakeFiles/feature_tests.cxx
Linking CXX executable cmTC_9c2a7
/share/apps/cmake/3.14.6/bin/cmake -E cmake_link_script CMakeFiles/cmTC_9c2a7.dir/link.txt --verbose=1
/share/apps/gcc/9.2.0/bin/c++       -rdynamic CMakeFiles/cmTC_9c2a7.dir/feature_tests.cxx.o  -o cmTC_9c2a7 
gmake[1]: Leaving directory `/home/gwolfmann/stitch/StitchIt/CMakeFiles/CMakeTmp'


    Feature record: CXX_FEATURE:0cxx_aggregate_default_initializers
    Feature record: CXX_FEATURE:0cxx_alias_templates
    Feature record: CXX_FEATURE:0cxx_alignas
    Feature record: CXX_FEATURE:0cxx_alignof
    Feature record: CXX_FEATURE:0cxx_attributes
    Feature record: CXX_FEATURE:0cxx_attribute_deprecated
    Feature record: CXX_FEATURE:0cxx_auto_type
    Feature record: CXX_FEATURE:0cxx_binary_literals
    Feature record: CXX_FEATURE:0cxx_constexpr
    Feature record: CXX_FEATURE:0cxx_contextual_conversions
    Feature record: CXX_FEATURE:0cxx_decltype
    Feature record: CXX_FEATURE:0cxx_decltype_auto
    Feature record: CXX_FEATURE:0cxx_decltype_incomplete_return_types
    Feature record: CXX_FEATURE:0cxx_default_function_template_args
    Feature record: CXX_FEATURE:0cxx_defaulted_functions
    Feature record: CXX_FEATURE:0cxx_defaulted_move_initializers
    Feature record: CXX_FEATURE:0cxx_delegating_constructors
    Feature record: CXX_FEATURE:0cxx_deleted_functions
    Feature record: CXX_FEATURE:0cxx_digit_separators
    Feature record: CXX_FEATURE:0cxx_enum_forward_declarations
    Feature record: CXX_FEATURE:0cxx_explicit_conversions
    Feature record: CXX_FEATURE:0cxx_extended_friend_declarations
    Feature record: CXX_FEATURE:0cxx_extern_templates
    Feature record: CXX_FEATURE:0cxx_final
    Feature record: CXX_FEATURE:0cxx_func_identifier
    Feature record: CXX_FEATURE:0cxx_generalized_initializers
    Feature record: CXX_FEATURE:0cxx_generic_lambdas
    Feature record: CXX_FEATURE:0cxx_inheriting_constructors
    Feature record: CXX_FEATURE:0cxx_inline_namespaces
    Feature record: CXX_FEATURE:0cxx_lambdas
    Feature record: CXX_FEATURE:0cxx_lambda_init_captures
    Feature record: CXX_FEATURE:0cxx_local_type_template_args
    Feature record: CXX_FEATURE:0cxx_long_long_type
    Feature record: CXX_FEATURE:0cxx_noexcept
    Feature record: CXX_FEATURE:0cxx_nonstatic_member_init
    Feature record: CXX_FEATURE:0cxx_nullptr
    Feature record: CXX_FEATURE:0cxx_override
    Feature record: CXX_FEATURE:0cxx_range_for
    Feature record: CXX_FEATURE:0cxx_raw_string_literals
    Feature record: CXX_FEATURE:0cxx_reference_qualified_functions
    Feature record: CXX_FEATURE:0cxx_relaxed_constexpr
    Feature record: CXX_FEATURE:0cxx_return_type_deduction
    Feature record: CXX_FEATURE:0cxx_right_angle_brackets
    Feature record: CXX_FEATURE:0cxx_rvalue_references
    Feature record: CXX_FEATURE:0cxx_sizeof_member
    Feature record: CXX_FEATURE:0cxx_static_assert
    Feature record: CXX_FEATURE:0cxx_strong_enums
    Feature record: CXX_FEATURE:1cxx_template_template_parameters
    Feature record: CXX_FEATURE:0cxx_thread_local
    Feature record: CXX_FEATURE:0cxx_trailing_return_types
    Feature record: CXX_FEATURE:0cxx_unicode_literals
    Feature record: CXX_FEATURE:0cxx_uniform_initialization
    Feature record: CXX_FEATURE:0cxx_unrestricted_unions
    Feature record: CXX_FEATURE:0cxx_user_literals
    Feature record: CXX_FEATURE:0cxx_variable_templates
    Feature record: CXX_FEATURE:0cxx_variadic_macros
    Feature record: CXX_FEATURE:0cxx_variadic_templates
